<?xml version="1.0" encoding="UTF-8"?>
<!-- Generated by org.testng.reporters.JUnitReportReporter -->
<testsuite hostname="LAPTOP-GQGRNK3E" failures="0" tests="1" name="testCases.VerifyPendingLeaveRequest" time="9.107" errors="0" timestamp="2020-12-11T23:37:12 IST" skipped="0">
  <testcase classname="testCases.VerifyPendingLeaveRequest" name="verifyPendingLeaveRequests" time="9.107"/>
  <system-out/>
</testsuite> <!-- testCases.VerifyPendingLeaveRequest -->
