<?xml version="1.0" encoding="UTF-8"?>
<!-- Generated by org.testng.reporters.JUnitReportReporter -->
<testsuite hostname="LAPTOP-GQGRNK3E" failures="0" tests="1" name="testCases.CheckUserRoleAndStatus" time="4.651" errors="0" timestamp="2020-12-11T23:37:13 IST" skipped="0">
  <testcase classname="testCases.CheckUserRoleAndStatus" name="checkUserRoleAndStatus" time="4.651"/>
  <system-out/>
</testsuite> <!-- testCases.CheckUserRoleAndStatus -->
